<?xml version="1.0" encoding="UTF-8"?>
<testng-results ignored="0" total="1" passed="1" failed="0" skipped="0">
  <reporter-output>
    <line>
      <![CDATA[Open Browser]]>
    </line>
    <line>
      <![CDATA[Login]]>
    </line>
    <line>
      <![CDATA[Changing Theme]]>
    </line>
    <line>
      <![CDATA[Logout]]>
    </line>
    <line>
      <![CDATA[Close Browser]]>
    </line>
  </reporter-output>
  <suite started-at="2025-03-12T19:49:58 IST" name="Default suite" finished-at="2025-03-12T19:50:02 IST" duration-ms="4542">
    <groups>
    </groups>
    <test started-at="2025-03-12T19:49:58 IST" name="Default test" finished-at="2025-03-12T19:50:02 IST" duration-ms="4542">
      <class name="com.actitime.testscript.Theme_Module">
        <test-method is-config="true" signature="openBrowser()[pri:0, instance:com.actitime.testscript.Theme_Module@6c64cb25]" started-at="2025-03-12T19:49:58 IST" name="openBrowser" finished-at="2025-03-12T19:50:00 IST" duration-ms="1920" status="PASS">
          <reporter-output>
            <line>
              <![CDATA[Open Browser]]>
            </line>
          </reporter-output>
        </test-method> <!-- openBrowser -->
        <test-method is-config="true" signature="login()[pri:0, instance:com.actitime.testscript.Theme_Module@6c64cb25]" started-at="2025-03-12T19:50:00 IST" name="login" finished-at="2025-03-12T19:50:00 IST" duration-ms="582" status="PASS">
          <reporter-output>
            <line>
              <![CDATA[Login]]>
            </line>
          </reporter-output>
        </test-method> <!-- login -->
        <test-method signature="testChangingTheme()[pri:0, instance:com.actitime.testscript.Theme_Module@6c64cb25]" started-at="2025-03-12T19:50:00 IST" name="testChangingTheme" finished-at="2025-03-12T19:50:02 IST" duration-ms="1657" status="PASS">
          <reporter-output>
            <line>
              <![CDATA[Changing Theme]]>
            </line>
          </reporter-output>
        </test-method> <!-- testChangingTheme -->
        <test-method is-config="true" signature="logout()[pri:0, instance:com.actitime.testscript.Theme_Module@6c64cb25]" started-at="2025-03-12T19:50:02 IST" name="logout" finished-at="2025-03-12T19:50:02 IST" duration-ms="160" status="PASS">
          <reporter-output>
            <line>
              <![CDATA[Logout]]>
            </line>
          </reporter-output>
        </test-method> <!-- logout -->
        <test-method is-config="true" signature="closeBrowser()[pri:0, instance:com.actitime.testscript.Theme_Module@6c64cb25]" started-at="2025-03-12T19:50:02 IST" name="closeBrowser" finished-at="2025-03-12T19:50:02 IST" duration-ms="195" status="PASS">
          <reporter-output>
            <line>
              <![CDATA[Close Browser]]>
            </line>
          </reporter-output>
        </test-method> <!-- closeBrowser -->
      </class> <!-- com.actitime.testscript.Theme_Module -->
    </test> <!-- Default test -->
  </suite> <!-- Default suite -->
</testng-results>
