<?xml version="1.0" encoding="UTF-8"?>
<testng-results ignored="10" total="22" passed="12" failed="0" skipped="0">
  <reporter-output>
    <line>
      <![CDATA[Open Browser]]>
    </line>
    <line>
      <![CDATA[Login]]>
    </line>
    <line>
      <![CDATA[Create Report]]>
    </line>
    <line>
      <![CDATA[Logout]]>
    </line>
    <line>
      <![CDATA[Login]]>
    </line>
    <line>
      <![CDATA[Create User]]>
    </line>
    <line>
      <![CDATA[Logout]]>
    </line>
    <line>
      <![CDATA[Login]]>
    </line>
    <line>
      <![CDATA[Create User]]>
    </line>
    <line>
      <![CDATA[Logout]]>
    </line>
    <line>
      <![CDATA[Login]]>
    </line>
    <line>
      <![CDATA[Delete User]]>
    </line>
    <line>
      <![CDATA[Logout]]>
    </line>
    <line>
      <![CDATA[Login]]>
    </line>
    <line>
      <![CDATA[Create Customer]]>
    </line>
    <line>
      <![CDATA[Logout]]>
    </line>
    <line>
      <![CDATA[Login]]>
    </line>
    <line>
      <![CDATA[Modify Customer Status]]>
    </line>
    <line>
      <![CDATA[Logout]]>
    </line>
    <line>
      <![CDATA[Login]]>
    </line>
    <line>
      <![CDATA[Create Project]]>
    </line>
    <line>
      <![CDATA[Logout]]>
    </line>
    <line>
      <![CDATA[Login]]>
    </line>
    <line>
      <![CDATA[Changing Theme]]>
    </line>
    <line>
      <![CDATA[Logout]]>
    </line>
    <line>
      <![CDATA[Login]]>
    </line>
    <line>
      <![CDATA[Create Tasks]]>
    </line>
    <line>
      <![CDATA[Logout]]>
    </line>
    <line>
      <![CDATA[Login]]>
    </line>
    <line>
      <![CDATA[delete Tasks]]>
    </line>
    <line>
      <![CDATA[Logout]]>
    </line>
    <line>
      <![CDATA[Login]]>
    </line>
    <line>
      <![CDATA[Delete Project]]>
    </line>
    <line>
      <![CDATA[Logout]]>
    </line>
    <line>
      <![CDATA[Login]]>
    </line>
    <line>
      <![CDATA[Delete Customer]]>
    </line>
    <line>
      <![CDATA[Logout]]>
    </line>
    <line>
      <![CDATA[Close Browser]]>
    </line>
  </reporter-output>
  <suite started-at="2025-03-19T22:17:26 IST" name="Suite" finished-at="2025-03-19T22:18:18 IST" duration-ms="52140">
    <groups>
    </groups>
    <test started-at="2025-03-19T22:17:26 IST" name="Test" finished-at="2025-03-19T22:18:18 IST" duration-ms="52140">
      <class name="com.actitime.testscript.Reports_Module">
        <test-method is-config="true" signature="openBrowser()[pri:0, instance:com.actitime.testscript.Reports_Module@5c5eefef]" started-at="2025-03-19T22:17:26 IST" name="openBrowser" finished-at="2025-03-19T22:17:28 IST" duration-ms="1701" status="PASS">
          <reporter-output>
            <line>
              <![CDATA[Open Browser]]>
            </line>
          </reporter-output>
        </test-method> <!-- openBrowser -->
        <test-method is-config="true" signature="login()[pri:0, instance:com.actitime.testscript.Reports_Module@5c5eefef]" started-at="2025-03-19T22:17:28 IST" name="login" finished-at="2025-03-19T22:17:28 IST" duration-ms="492" status="PASS">
          <reporter-output>
            <line>
              <![CDATA[Login]]>
            </line>
          </reporter-output>
        </test-method> <!-- login -->
        <test-method signature="testCreateReport()[pri:0, instance:com.actitime.testscript.Reports_Module@5c5eefef]" started-at="2025-03-19T22:17:28 IST" name="testCreateReport" finished-at="2025-03-19T22:17:34 IST" duration-ms="5193" status="PASS">
          <reporter-output>
            <line>
              <![CDATA[Create Report]]>
            </line>
          </reporter-output>
        </test-method> <!-- testCreateReport -->
        <test-method is-config="true" signature="logout()[pri:0, instance:com.actitime.testscript.Reports_Module@5c5eefef]" started-at="2025-03-19T22:17:34 IST" name="logout" finished-at="2025-03-19T22:17:34 IST" duration-ms="174" status="PASS">
          <reporter-output>
            <line>
              <![CDATA[Logout]]>
            </line>
          </reporter-output>
        </test-method> <!-- logout -->
        <test-method is-config="true" signature="closeBrowser()[pri:0, instance:com.actitime.testscript.Reports_Module@5c5eefef]" started-at="2025-03-19T22:18:18 IST" name="closeBrowser" finished-at="2025-03-19T22:18:18 IST" duration-ms="384" status="PASS">
          <reporter-output>
            <line>
              <![CDATA[Close Browser]]>
            </line>
          </reporter-output>
        </test-method> <!-- closeBrowser -->
      </class> <!-- com.actitime.testscript.Reports_Module -->
      <class name="com.actitime.testscript.Theme_Module">
        <test-method is-config="true" signature="login()[pri:0, instance:com.actitime.testscript.Theme_Module@7e07db1f]" started-at="2025-03-19T22:17:57 IST" name="login" finished-at="2025-03-19T22:17:57 IST" duration-ms="329" status="PASS">
          <reporter-output>
            <line>
              <![CDATA[Login]]>
            </line>
          </reporter-output>
        </test-method> <!-- login -->
        <test-method signature="testChangingTheme()[pri:0, instance:com.actitime.testscript.Theme_Module@7e07db1f]" started-at="2025-03-19T22:17:57 IST" name="testChangingTheme" finished-at="2025-03-19T22:17:59 IST" duration-ms="1294" status="PASS">
          <reporter-output>
            <line>
              <![CDATA[Changing Theme]]>
            </line>
          </reporter-output>
        </test-method> <!-- testChangingTheme -->
        <test-method is-config="true" signature="logout()[pri:0, instance:com.actitime.testscript.Theme_Module@7e07db1f]" started-at="2025-03-19T22:17:59 IST" name="logout" finished-at="2025-03-19T22:17:59 IST" duration-ms="211" status="PASS">
          <reporter-output>
            <line>
              <![CDATA[Logout]]>
            </line>
          </reporter-output>
        </test-method> <!-- logout -->
      </class> <!-- com.actitime.testscript.Theme_Module -->
      <class name="com.actitime.testscript.Project_Module">
        <test-method is-config="true" signature="login()[pri:0, instance:com.actitime.testscript.Project_Module@35cabb2a]" started-at="2025-03-19T22:17:55 IST" name="login" finished-at="2025-03-19T22:17:55 IST" duration-ms="277" status="PASS">
          <reporter-output>
            <line>
              <![CDATA[Login]]>
            </line>
          </reporter-output>
        </test-method> <!-- login -->
        <test-method signature="testCreateProject()[pri:1, instance:com.actitime.testscript.Project_Module@35cabb2a]" started-at="2025-03-19T22:17:55 IST" name="testCreateProject" finished-at="2025-03-19T22:17:57 IST" depends-on-methods="com.actitime.testscript.Customer_Module.testCreateCustomer" duration-ms="1911" status="PASS">
          <reporter-output>
            <line>
              <![CDATA[Create Project]]>
            </line>
          </reporter-output>
        </test-method> <!-- testCreateProject -->
        <test-method is-config="true" signature="logout()[pri:0, instance:com.actitime.testscript.Project_Module@35cabb2a]" started-at="2025-03-19T22:17:57 IST" name="logout" finished-at="2025-03-19T22:17:57 IST" duration-ms="185" status="PASS">
          <reporter-output>
            <line>
              <![CDATA[Logout]]>
            </line>
          </reporter-output>
        </test-method> <!-- logout -->
        <test-method is-config="true" signature="login()[pri:0, instance:com.actitime.testscript.Project_Module@35cabb2a]" started-at="2025-03-19T22:18:10 IST" name="login" finished-at="2025-03-19T22:18:11 IST" duration-ms="397" status="PASS">
          <reporter-output>
            <line>
              <![CDATA[Login]]>
            </line>
          </reporter-output>
        </test-method> <!-- login -->
        <test-method signature="testDeleteProject()[pri:0, instance:com.actitime.testscript.Project_Module@35cabb2a]" started-at="2025-03-19T22:18:11 IST" name="testDeleteProject" finished-at="2025-03-19T22:18:13 IST" depends-on-methods="com.actitime.testscript.Tasks_Module.testDeleteTasks" duration-ms="2399" status="PASS">
          <reporter-output>
            <line>
              <![CDATA[Delete Project]]>
            </line>
          </reporter-output>
        </test-method> <!-- testDeleteProject -->
        <test-method is-config="true" signature="logout()[pri:0, instance:com.actitime.testscript.Project_Module@35cabb2a]" started-at="2025-03-19T22:18:13 IST" name="logout" finished-at="2025-03-19T22:18:13 IST" duration-ms="165" status="PASS">
          <reporter-output>
            <line>
              <![CDATA[Logout]]>
            </line>
          </reporter-output>
        </test-method> <!-- logout -->
      </class> <!-- com.actitime.testscript.Project_Module -->
      <class name="com.actitime.testscript.Customer_Module">
        <test-method is-config="true" signature="login()[pri:0, instance:com.actitime.testscript.Customer_Module@3a93b025]" started-at="2025-03-19T22:17:46 IST" name="login" finished-at="2025-03-19T22:17:46 IST" duration-ms="318" status="PASS">
          <reporter-output>
            <line>
              <![CDATA[Login]]>
            </line>
          </reporter-output>
        </test-method> <!-- login -->
        <test-method signature="testCreateCustomer()[pri:1, instance:com.actitime.testscript.Customer_Module@3a93b025]" started-at="2025-03-19T22:17:46 IST" name="testCreateCustomer" finished-at="2025-03-19T22:17:50 IST" duration-ms="3969" status="PASS">
          <reporter-output>
            <line>
              <![CDATA[Create Customer]]>
            </line>
          </reporter-output>
        </test-method> <!-- testCreateCustomer -->
        <test-method is-config="true" signature="logout()[pri:0, instance:com.actitime.testscript.Customer_Module@3a93b025]" started-at="2025-03-19T22:17:50 IST" name="logout" finished-at="2025-03-19T22:17:51 IST" duration-ms="468" status="PASS">
          <reporter-output>
            <line>
              <![CDATA[Logout]]>
            </line>
          </reporter-output>
        </test-method> <!-- logout -->
        <test-method is-config="true" signature="login()[pri:0, instance:com.actitime.testscript.Customer_Module@3a93b025]" started-at="2025-03-19T22:17:51 IST" name="login" finished-at="2025-03-19T22:17:51 IST" duration-ms="277" status="PASS">
          <reporter-output>
            <line>
              <![CDATA[Login]]>
            </line>
          </reporter-output>
        </test-method> <!-- login -->
        <test-method signature="testModifyCustomerStatus()[pri:2, instance:com.actitime.testscript.Customer_Module@3a93b025]" started-at="2025-03-19T22:17:51 IST" name="testModifyCustomerStatus" finished-at="2025-03-19T22:17:55 IST" duration-ms="3700" status="PASS">
          <reporter-output>
            <line>
              <![CDATA[Modify Customer Status]]>
            </line>
          </reporter-output>
        </test-method> <!-- testModifyCustomerStatus -->
        <test-method is-config="true" signature="logout()[pri:0, instance:com.actitime.testscript.Customer_Module@3a93b025]" started-at="2025-03-19T22:17:55 IST" name="logout" finished-at="2025-03-19T22:17:55 IST" duration-ms="139" status="PASS">
          <reporter-output>
            <line>
              <![CDATA[Logout]]>
            </line>
          </reporter-output>
        </test-method> <!-- logout -->
        <test-method is-config="true" signature="login()[pri:0, instance:com.actitime.testscript.Customer_Module@3a93b025]" started-at="2025-03-19T22:18:13 IST" name="login" finished-at="2025-03-19T22:18:13 IST" duration-ms="375" status="PASS">
          <reporter-output>
            <line>
              <![CDATA[Login]]>
            </line>
          </reporter-output>
        </test-method> <!-- login -->
        <test-method signature="testDeleteCustomer()[pri:3, instance:com.actitime.testscript.Customer_Module@3a93b025]" started-at="2025-03-19T22:18:13 IST" name="testDeleteCustomer" finished-at="2025-03-19T22:18:18 IST" depends-on-methods="com.actitime.testscript.Project_Module.testDeleteProject" duration-ms="4303" status="PASS">
          <reporter-output>
            <line>
              <![CDATA[Delete Customer]]>
            </line>
          </reporter-output>
        </test-method> <!-- testDeleteCustomer -->
        <test-method is-config="true" signature="logout()[pri:0, instance:com.actitime.testscript.Customer_Module@3a93b025]" started-at="2025-03-19T22:18:18 IST" name="logout" finished-at="2025-03-19T22:18:18 IST" duration-ms="143" status="PASS">
          <reporter-output>
            <line>
              <![CDATA[Logout]]>
            </line>
          </reporter-output>
        </test-method> <!-- logout -->
      </class> <!-- com.actitime.testscript.Customer_Module -->
      <class name="com.actitime.testscript.Users_Module">
        <test-method is-config="true" signature="login()[pri:0, instance:com.actitime.testscript.Users_Module@79e2c065]" started-at="2025-03-19T22:17:34 IST" name="login" finished-at="2025-03-19T22:17:34 IST" duration-ms="244" status="PASS">
          <reporter-output>
            <line>
              <![CDATA[Login]]>
            </line>
          </reporter-output>
        </test-method> <!-- login -->
        <test-method signature="testCreateUser()[pri:1, instance:com.actitime.testscript.Users_Module@79e2c065]" started-at="2025-03-19T22:17:34 IST" name="testCreateUser" finished-at="2025-03-19T22:17:39 IST" duration-ms="5173" status="PASS">
          <reporter-output>
            <line>
              <![CDATA[Create User]]>
            </line>
          </reporter-output>
        </test-method> <!-- testCreateUser -->
        <test-method is-config="true" signature="logout()[pri:0, instance:com.actitime.testscript.Users_Module@79e2c065]" started-at="2025-03-19T22:17:39 IST" name="logout" finished-at="2025-03-19T22:17:39 IST" duration-ms="215" status="PASS">
          <reporter-output>
            <line>
              <![CDATA[Logout]]>
            </line>
          </reporter-output>
        </test-method> <!-- logout -->
        <test-method is-config="true" signature="login()[pri:0, instance:com.actitime.testscript.Users_Module@79e2c065]" started-at="2025-03-19T22:17:39 IST" name="login" finished-at="2025-03-19T22:17:40 IST" duration-ms="305" status="PASS">
          <reporter-output>
            <line>
              <![CDATA[Login]]>
            </line>
          </reporter-output>
        </test-method> <!-- login -->
        <test-method signature="testModifyUser()[pri:2, instance:com.actitime.testscript.Users_Module@79e2c065]" started-at="2025-03-19T22:17:40 IST" name="testModifyUser" finished-at="2025-03-19T22:17:42 IST" duration-ms="2590" status="PASS">
          <reporter-output>
            <line>
              <![CDATA[Create User]]>
            </line>
          </reporter-output>
        </test-method> <!-- testModifyUser -->
        <test-method is-config="true" signature="logout()[pri:0, instance:com.actitime.testscript.Users_Module@79e2c065]" started-at="2025-03-19T22:17:42 IST" name="logout" finished-at="2025-03-19T22:17:42 IST" duration-ms="215" status="PASS">
          <reporter-output>
            <line>
              <![CDATA[Logout]]>
            </line>
          </reporter-output>
        </test-method> <!-- logout -->
        <test-method is-config="true" signature="login()[pri:0, instance:com.actitime.testscript.Users_Module@79e2c065]" started-at="2025-03-19T22:17:42 IST" name="login" finished-at="2025-03-19T22:17:43 IST" duration-ms="337" status="PASS">
          <reporter-output>
            <line>
              <![CDATA[Login]]>
            </line>
          </reporter-output>
        </test-method> <!-- login -->
        <test-method signature="testDeleteUser()[pri:3, instance:com.actitime.testscript.Users_Module@79e2c065]" started-at="2025-03-19T22:17:43 IST" name="testDeleteUser" finished-at="2025-03-19T22:17:45 IST" duration-ms="2202" status="PASS">
          <reporter-output>
            <line>
              <![CDATA[Delete User]]>
            </line>
          </reporter-output>
        </test-method> <!-- testDeleteUser -->
        <test-method is-config="true" signature="logout()[pri:0, instance:com.actitime.testscript.Users_Module@79e2c065]" started-at="2025-03-19T22:17:45 IST" name="logout" finished-at="2025-03-19T22:17:46 IST" duration-ms="776" status="PASS">
          <reporter-output>
            <line>
              <![CDATA[Logout]]>
            </line>
          </reporter-output>
        </test-method> <!-- logout -->
      </class> <!-- com.actitime.testscript.Users_Module -->
      <class name="com.actitime.testscript.Tasks_Module">
        <test-method is-config="true" signature="login()[pri:0, instance:com.actitime.testscript.Tasks_Module@564fabc8]" started-at="2025-03-19T22:17:59 IST" name="login" finished-at="2025-03-19T22:17:59 IST" duration-ms="318" status="PASS">
          <reporter-output>
            <line>
              <![CDATA[Login]]>
            </line>
          </reporter-output>
        </test-method> <!-- login -->
        <test-method signature="testCreateTasks()[pri:1, instance:com.actitime.testscript.Tasks_Module@564fabc8]" started-at="2025-03-19T22:17:59 IST" name="testCreateTasks" finished-at="2025-03-19T22:18:04 IST" depends-on-methods="com.actitime.testscript.Project_Module.testCreateProject, com.actitime.testscript.Customer_Module.testCreateCustomer" duration-ms="5127" status="PASS">
          <reporter-output>
            <line>
              <![CDATA[Create Tasks]]>
            </line>
          </reporter-output>
        </test-method> <!-- testCreateTasks -->
        <test-method is-config="true" signature="logout()[pri:0, instance:com.actitime.testscript.Tasks_Module@564fabc8]" started-at="2025-03-19T22:18:04 IST" name="logout" finished-at="2025-03-19T22:18:04 IST" duration-ms="138" status="PASS">
          <reporter-output>
            <line>
              <![CDATA[Logout]]>
            </line>
          </reporter-output>
        </test-method> <!-- logout -->
        <test-method is-config="true" signature="login()[pri:0, instance:com.actitime.testscript.Tasks_Module@564fabc8]" started-at="2025-03-19T22:18:04 IST" name="login" finished-at="2025-03-19T22:18:05 IST" duration-ms="394" status="PASS">
          <reporter-output>
            <line>
              <![CDATA[Login]]>
            </line>
          </reporter-output>
        </test-method> <!-- login -->
        <test-method signature="testDeleteTasks()[pri:2, instance:com.actitime.testscript.Tasks_Module@564fabc8]" started-at="2025-03-19T22:18:05 IST" name="testDeleteTasks" finished-at="2025-03-19T22:18:10 IST" depends-on-methods="com.actitime.testscript.Tasks_Module.testCreateTasks" duration-ms="5090" status="PASS">
          <reporter-output>
            <line>
              <![CDATA[delete Tasks]]>
            </line>
          </reporter-output>
        </test-method> <!-- testDeleteTasks -->
        <test-method is-config="true" signature="logout()[pri:0, instance:com.actitime.testscript.Tasks_Module@564fabc8]" started-at="2025-03-19T22:18:10 IST" name="logout" finished-at="2025-03-19T22:18:10 IST" duration-ms="143" status="PASS">
          <reporter-output>
            <line>
              <![CDATA[Logout]]>
            </line>
          </reporter-output>
        </test-method> <!-- logout -->
      </class> <!-- com.actitime.testscript.Tasks_Module -->
    </test> <!-- Test -->
  </suite> <!-- Suite -->
</testng-results>
