<?xml version="1.0" encoding="UTF-8"?>
<!-- Generated by org.testng.reporters.JUnitXMLReporter -->
<testsuite ignored="10" hostname="DESKTOP-6QQN8NI" failures="0" tests="12" name="Test" time="52.14" errors="0" timestamp="2025-03-19T22:18:18 IST">
  <testcase classname="com.actitime.testscript.Reports_Module" name="testCreateReport" time="5.193"/>
  <testcase classname="com.actitime.testscript.Users_Module" name="testCreateUser" time="5.173"/>
  <testcase classname="com.actitime.testscript.Users_Module" name="testModifyUser" time="2.59"/>
  <testcase classname="com.actitime.testscript.Users_Module" name="testDeleteUser" time="2.202"/>
  <testcase classname="com.actitime.testscript.Customer_Module" name="testCreateCustomer" time="3.969"/>
  <testcase classname="com.actitime.testscript.Customer_Module" name="testModifyCustomerStatus" time="3.7"/>
  <testcase classname="com.actitime.testscript.Project_Module" name="testCreateProject" time="1.911"/>
  <testcase classname="com.actitime.testscript.Theme_Module" name="testChangingTheme" time="1.294"/>
  <testcase classname="com.actitime.testscript.Tasks_Module" name="testCreateTasks" time="5.127"/>
  <testcase classname="com.actitime.testscript.Tasks_Module" name="testDeleteTasks" time="5.09"/>
  <testcase classname="com.actitime.testscript.Project_Module" name="testDeleteProject" time="2.399"/>
  <testcase classname="com.actitime.testscript.Customer_Module" name="testDeleteCustomer" time="4.303"/>
  <testcase classname="com.actitime.generic.Base_Class" name="@BeforeTest openBrowser" time="0.0">
    <ignored/>
  </testcase> <!-- @BeforeTest openBrowser -->
  <testcase classname="com.actitime.generic.Base_Class" name="@BeforeTest openBrowser" time="0.0">
    <ignored/>
  </testcase> <!-- @BeforeTest openBrowser -->
  <testcase classname="com.actitime.generic.Base_Class" name="@BeforeTest openBrowser" time="0.0">
    <ignored/>
  </testcase> <!-- @BeforeTest openBrowser -->
  <testcase classname="com.actitime.generic.Base_Class" name="@BeforeTest openBrowser" time="0.0">
    <ignored/>
  </testcase> <!-- @BeforeTest openBrowser -->
  <testcase classname="com.actitime.generic.Base_Class" name="@BeforeTest openBrowser" time="0.0">
    <ignored/>
  </testcase> <!-- @BeforeTest openBrowser -->
  <testcase classname="com.actitime.generic.Base_Class" name="@AfterTest closeBrowser" time="0.0">
    <ignored/>
  </testcase> <!-- @AfterTest closeBrowser -->
  <testcase classname="com.actitime.generic.Base_Class" name="@AfterTest closeBrowser" time="0.0">
    <ignored/>
  </testcase> <!-- @AfterTest closeBrowser -->
  <testcase classname="com.actitime.generic.Base_Class" name="@AfterTest closeBrowser" time="0.0">
    <ignored/>
  </testcase> <!-- @AfterTest closeBrowser -->
  <testcase classname="com.actitime.generic.Base_Class" name="@AfterTest closeBrowser" time="0.0">
    <ignored/>
  </testcase> <!-- @AfterTest closeBrowser -->
  <testcase classname="com.actitime.generic.Base_Class" name="@AfterTest closeBrowser" time="0.0">
    <ignored/>
  </testcase> <!-- @AfterTest closeBrowser -->
</testsuite> <!-- Test -->
