<?xml version="1.0" encoding="UTF-8"?>
<!-- Generated by org.testng.reporters.JUnitXMLReporter -->
<testsuite ignored="2" hostname="DESKTOP-6QQN8NI" failures="0" tests="4" name="Test" time="6.694" errors="0" timestamp="2025-02-26T21:52:50 IST">
  <testcase classname="com.acttime.testscript.Customer_Module" name="testCreateCustomer" time="0.008"/>
  <testcase classname="com.acttime.testscript.Customer_Module" name="testDelteCustomer" time="0.001"/>
  <testcase classname="com.acttime.testscript.Project_Module" name="testCreateProject" time="0.002"/>
  <testcase classname="com.acttime.testscript.Project_Module" name="testDelteProject" time="0.001"/>
  <testcase classname="com.acttime.generic.Base_Class" name="@AfterTest closeBrowser" time="0.0">
    <ignored/>
  </testcase> <!-- @AfterTest closeBrowser -->
  <testcase classname="com.acttime.generic.Base_Class" name="@BeforeTest openBrowser" time="0.0">
    <ignored/>
  </testcase> <!-- @BeforeTest openBrowser -->
</testsuite> <!-- Test -->
