<?xml version="1.0" encoding="UTF-8"?>
<!-- Generated by org.testng.reporters.JUnitXMLReporter -->
<testsuite ignored="0" hostname="DESKTOP-6QQN8NI" failures="0" tests="5" name="Default test" time="16.487" errors="0" timestamp="2025-03-19T22:14:23 IST">
  <testcase classname="com.actitime.testscript.Data_Provider" name="demo" time="4.565"/>
  <testcase classname="com.actitime.testscript.Data_Provider" name="demo" time="1.85"/>
  <testcase classname="com.actitime.testscript.Data_Provider" name="demo" time="3.449"/>
  <testcase classname="com.actitime.testscript.Data_Provider" name="demo" time="2.484"/>
  <testcase classname="com.actitime.testscript.Data_Provider" name="demo" time="4.091"/>
</testsuite> <!-- Default test -->
